
============================================================
  WAFER DEFECT ANALYTICS DASHBOARD
  Data: 823,953 scans | 37,015 defects | 786,938 pass
  Model: Loaded ✅
============================================================

  🌐 Open: http://127.0.0.1:8050

Dash is running on http://127.0.0.1:8050/

 * Serving Flask app 'dashboard'
 * Debug mode: on
Fatal Python error: init_sys_streams: can't initialize sys standard streams
Python runtime state: core initialized
Fatal Python error: init_sys_streams: can't initialize sys standard streams
Python runtime state: core initialized
OSError: [Errno 9] Bad file descriptor
OSError: [Errno 9] Bad file descriptor

Current thread 0x00000001db69d000 (most recent call first):
  <no Python frame>

Current thread 0x00000001db69d000 (most recent call first):
  <no Python frame>
/opt/anaconda3/lib/python3.13/multiprocessing/resource_tracker.py:160: UserWarning: resource_tracker: process died unexpectedly, relaunching.  Some resources might leak.
  warnings.warn('resource_tracker: process died unexpectedly, '
Fatal Python error: init_sys_streams: can't initialize sys standard streams
Python runtime state: core initialized
OSError: [Errno 9] Bad file descriptor

Current thread 0x00000001db69d000 (most recent call first):
  <no Python frame>
